<?xml version="1.0" encoding="UTF-8"?>
<!-- Generated by org.testng.reporters.JUnitReportReporter -->
<testsuite skipped="0" hostname="ESEKAVDASP11067" name="Test1" tests="1" failures="0" timestamp="07 Feb 2019 06:55:35 GMT" time="0.392" errors="0">
  <testcase name="test1" time="0.392" classname="Test1"/>
</testsuite> <!-- Test1 -->
