<?xml version="1.0" encoding="UTF-8"?>
<!-- Generated by org.testng.reporters.JUnitReportReporter -->
<testsuite skipped="0" hostname="ESEKAVDASP11067" name="Test2" tests="2" failures="0" timestamp="07 Feb 2019 06:55:35 GMT" time="2.547" errors="0">
  <testcase name="cobaGetCountry" time="2.481" classname="Test2"/>
  <testcase name="test2" time="0.066" classname="Test2"/>
</testsuite> <!-- Test2 -->
